This is pdfTeX, Version 3.14159265-2.6-1.40.18 (MiKTeX 2.9.6500 64-bit) (preloaded format=pdflatex 2018.3.25)  30 APR 2018 16:14
entering extended mode
**./finalproject.tex
(finalproject.tex
LaTeX2e <2017-04-15>
Babel <3.15> and hyphenation patterns for 75 language(s) loaded.
(D:\Program\MiKTeX\tex\latex\base\article.cls
Document Class: article 2014/09/29 v1.4h Standard LaTeX document class
(D:\Program\MiKTeX\tex\latex\base\size11.clo
File: size11.clo 2014/09/29 v1.4h Standard LaTeX file (size option)
)
\c@part=\count79
\c@section=\count80
\c@subsection=\count81
\c@subsubsection=\count82
\c@paragraph=\count83
\c@subparagraph=\count84
\c@figure=\count85
\c@table=\count86
\abovecaptionskip=\skip41
\belowcaptionskip=\skip42
\bibindent=\dimen102
) (jmlr2e.sty
Document Style `jmlr' -- January 2016.
(D:\Program\MiKTeX\tex\latex\graphics\epsfig.sty
Package: epsfig 2017/06/25 v1.7b (e)psfig emulation (SPQR)

(D:\Program\MiKTeX\tex\latex\graphics\graphicx.sty
Package: graphicx 2017/06/01 v1.1a Enhanced LaTeX Graphics (DPC,SPQR)

(D:\Program\MiKTeX\tex\latex\graphics\keyval.sty
Package: keyval 2014/10/28 v1.15 key=value parser (DPC)
\KV@toks@=\toks14
)
(D:\Program\MiKTeX\tex\latex\graphics\graphics.sty
Package: graphics 2017/06/25 v1.2c Standard LaTeX Graphics (DPC,SPQR)

(D:\Program\MiKTeX\tex\latex\graphics\trig.sty
Package: trig 2016/01/03 v1.10 sin cos tan (DPC)
)
(D:\Program\MiKTeX\tex\latex\graphics-cfg\graphics.cfg
File: graphics.cfg 2016/06/04 v1.11 sample graphics configuration
)
Package graphics Info: Driver file: pdftex.def on input line 99.

(D:\Program\MiKTeX\tex\latex\graphics-def\pdftex.def
File: pdftex.def 2017/12/07 v1.0i Graphics/color driver for pdftex
))
\Gin@req@height=\dimen103
\Gin@req@width=\dimen104
)
\epsfxsize=\dimen105
\epsfysize=\dimen106
)
(D:\Program\MiKTeX\tex\latex\amsfonts\amssymb.sty
Package: amssymb 2013/01/14 v3.01 AMS font symbols

(D:\Program\MiKTeX\tex\latex\amsfonts\amsfonts.sty
Package: amsfonts 2013/01/14 v3.01 Basic AMSFonts support
\@emptytoks=\toks15
\symAMSa=\mathgroup4
\symAMSb=\mathgroup5
LaTeX Font Info:    Overwriting math alphabet `\mathfrak' in version `bold'
(Font)                  U/euf/m/n --> U/euf/b/n on input line 106.
))
(D:\Program\MiKTeX\tex\latex\hyperref\hyperref.sty
Package: hyperref 2017/03/14 v6.85a Hypertext links for LaTeX

(D:\Program\MiKTeX\tex\generic\oberdiek\hobsub-hyperref.sty
Package: hobsub-hyperref 2016/05/16 v1.14 Bundle oberdiek, subset hyperref (HO)


(D:\Program\MiKTeX\tex\generic\oberdiek\hobsub-generic.sty
Package: hobsub-generic 2016/05/16 v1.14 Bundle oberdiek, subset generic (HO)
Package: hobsub 2016/05/16 v1.14 Construct package bundles (HO)
Package: infwarerr 2016/05/16 v1.4 Providing info/warning/error messages (HO)
Package: ltxcmds 2016/05/16 v1.23 LaTeX kernel commands for general use (HO)
Package: ifluatex 2016/05/16 v1.4 Provides the ifluatex switch (HO)
Package ifluatex Info: LuaTeX not detected.
Package: ifvtex 2016/05/16 v1.6 Detect VTeX and its facilities (HO)
Package ifvtex Info: VTeX not detected.
Package: intcalc 2016/05/16 v1.2 Expandable calculations with integers (HO)
Package: ifpdf 2017/03/15 v3.2 Provides the ifpdf switch
Package: etexcmds 2016/05/16 v1.6 Avoid name clashes with e-TeX commands (HO)
Package etexcmds Info: Could not find \expanded.
(etexcmds)             That can mean that you are not using pdfTeX 1.50 or
(etexcmds)             that some package has redefined \expanded.
(etexcmds)             In the latter case, load this package earlier.
Package: kvsetkeys 2016/05/16 v1.17 Key value parser (HO)
Package: kvdefinekeys 2016/05/16 v1.4 Define keys (HO)
Package: pdftexcmds 2017/03/19 v0.25 Utility functions of pdfTeX for LuaTeX (HO
)
Package pdftexcmds Info: LuaTeX not detected.
Package pdftexcmds Info: \pdf@primitive is available.
Package pdftexcmds Info: \pdf@ifprimitive is available.
Package pdftexcmds Info: \pdfdraftmode found.
Package: pdfescape 2016/05/16 v1.14 Implements pdfTeX's escape features (HO)
Package: bigintcalc 2016/05/16 v1.4 Expandable calculations on big integers (HO
)
Package: bitset 2016/05/16 v1.2 Handle bit-vector datatype (HO)
Package: uniquecounter 2016/05/16 v1.3 Provide unlimited unique counter (HO)
)
Package hobsub Info: Skipping package `hobsub' (already loaded).
Package: letltxmacro 2016/05/16 v1.5 Let assignment for LaTeX macros (HO)
Package: hopatch 2016/05/16 v1.3 Wrapper for package hooks (HO)
Package: xcolor-patch 2016/05/16 xcolor patch
Package: atveryend 2016/05/16 v1.9 Hooks at the very end of document (HO)
Package atveryend Info: \enddocument detected (standard20110627).
Package: atbegshi 2016/06/09 v1.18 At begin shipout hook (HO)
Package: refcount 2016/05/16 v3.5 Data extraction from label references (HO)
Package: hycolor 2016/05/16 v1.8 Color options for hyperref/bookmark (HO)
)
(D:\Program\MiKTeX\tex\generic\ifxetex\ifxetex.sty
Package: ifxetex 2010/09/12 v0.6 Provides ifxetex conditional
)
(D:\Program\MiKTeX\tex\latex\oberdiek\auxhook.sty
Package: auxhook 2016/05/16 v1.4 Hooks for auxiliary files (HO)
)
(D:\Program\MiKTeX\tex\latex\oberdiek\kvoptions.sty
Package: kvoptions 2016/05/16 v3.12 Key value format for package options (HO)
)
\@linkdim=\dimen107
\Hy@linkcounter=\count87
\Hy@pagecounter=\count88

(D:\Program\MiKTeX\tex\latex\hyperref\pd1enc.def
File: pd1enc.def 2017/03/14 v6.85a Hyperref: PDFDocEncoding definition (HO)
)
\Hy@SavedSpaceFactor=\count89

(D:\Program\MiKTeX\tex\latex\00miktex\hyperref.cfg
File: hyperref.cfg 2002/06/06 v1.2 hyperref configuration of TeXLive
)
Package hyperref Info: Option `colorlinks' set `false' on input line 4374.
Package hyperref Info: Hyper figures OFF on input line 4498.
Package hyperref Info: Link nesting OFF on input line 4503.
Package hyperref Info: Hyper index ON on input line 4506.
Package hyperref Info: Plain pages OFF on input line 4513.
Package hyperref Info: Backreferencing OFF on input line 4518.
Package hyperref Info: Implicit mode ON; LaTeX internals redefined.
Package hyperref Info: Bookmarks ON on input line 4751.
\c@Hy@tempcnt=\count90

(D:\Program\MiKTeX\tex\latex\url\url.sty
\Urlmuskip=\muskip10
Package: url 2013/09/16  ver 3.4  Verb mode for urls, etc.
)
LaTeX Info: Redefining \url on input line 5104.
\XeTeXLinkMargin=\dimen108
\Fld@menulength=\count91
\Field@Width=\dimen109
\Fld@charsize=\dimen110
Package hyperref Info: Hyper figures OFF on input line 6358.
Package hyperref Info: Link nesting OFF on input line 6363.
Package hyperref Info: Hyper index ON on input line 6366.
Package hyperref Info: backreferencing OFF on input line 6373.
Package hyperref Info: Link coloring OFF on input line 6378.
Package hyperref Info: Link coloring with OCG OFF on input line 6383.
Package hyperref Info: PDF/A mode OFF on input line 6388.
LaTeX Info: Redefining \ref on input line 6428.
LaTeX Info: Redefining \pageref on input line 6432.
\Hy@abspage=\count92
\c@Item=\count93
\c@Hfootnote=\count94
)

Package hyperref Message: Driver (autodetected): hpdftex.

(D:\Program\MiKTeX\tex\latex\hyperref\hpdftex.def
File: hpdftex.def 2017/03/14 v6.85a Hyperref driver for pdfTeX
\Fld@listcount=\count95
\c@bookmark@seq@number=\count96

(D:\Program\MiKTeX\tex\latex\oberdiek\rerunfilecheck.sty
Package: rerunfilecheck 2016/05/16 v1.8 Rerun checks for auxiliary files (HO)
Package uniquecounter Info: New unique counter `rerunfilecheck' on input line 2
82.
)
\Hy@SectionHShift=\skip43
)
\aftertitskip=\skip44
\beforetitskip=\skip45
\interauthorskip=\skip46
\aftermaketitskip=\skip47
\c@example=\count97
\c@theorem=\count98
)
(D:\Program\MiKTeX\tex\latex\caption\subcaption.sty
Package: subcaption 2016/05/22 v1.1-161 Sub-captions (AR)

(D:\Program\MiKTeX\tex\latex\caption\caption.sty
Package: caption 2016/02/21 v3.3-144 Customizing captions (AR)

(D:\Program\MiKTeX\tex\latex\caption\caption3.sty
Package: caption3 2016/05/22 v1.7-166 caption3 kernel (AR)
Package caption3 Info: TeX engine: e-TeX on input line 67.
\captionmargin=\dimen111
\captionmargin@=\dimen112
\captionwidth=\dimen113
\caption@tempdima=\dimen114
\caption@indent=\dimen115
\caption@parindent=\dimen116
\caption@hangindent=\dimen117
Package caption Info: Unknown document class (or package),
(caption)             standard defaults will be used.
)

Package caption Warning: Unsupported document class (or package) detected,
(caption)                usage of the caption package is not recommended.
See the caption package documentation for explanation.

Package caption Info: \@makecaption = \long macro:#1#2-> \vskip 10pt \setbox \@
tempboxa \hbox {#1: #2} \ifdim \wd \@tempboxa >\hsize \begin {list}{#1:}{ \sett
owidth {\labelwidth }{#1:} \setlength {\leftmargin }{\labelwidth } \addtolength
 {\leftmargin }{\labelsep } }\item #2 \end {list}\par \else \hbox to\hsize {\hf
il \box \@tempboxa \hfil } \fi .
\c@ContinuedFloat=\count99
Package caption Info: hyperref package is loaded.
)
\c@subfigure=\count100
\c@subtable=\count101
) (D:\Program\MiKTeX\tex\latex\natbib\natbib.sty
Package: natbib 2010/09/13 8.31b (PWD, AO)
\bibhang=\skip48
\bibsep=\skip49
LaTeX Info: Redefining \cite on input line 694.
\c@NAT@ctr=\count102
) (finalproject.aux

LaTeX Warning: Label `tab:example' multiply defined.


LaTeX Warning: Label `tab:example' multiply defined.


LaTeX Warning: Label `tab:outcome' multiply defined.


LaTeX Warning: Label `fig:fig' multiply defined.


LaTeX Warning: Label `fig:var' multiply defined.


LaTeX Warning: Label `tab:outcome' multiply defined.


LaTeX Warning: Label `fig:fig' multiply defined.


LaTeX Warning: Label `fig:var' multiply defined.

)
\openout1 = `finalproject.aux'.

LaTeX Font Info:    Checking defaults for OML/cmm/m/it on input line 27.
LaTeX Font Info:    ... okay on input line 27.
LaTeX Font Info:    Checking defaults for T1/cmr/m/n on input line 27.
LaTeX Font Info:    ... okay on input line 27.
LaTeX Font Info:    Checking defaults for OT1/cmr/m/n on input line 27.
LaTeX Font Info:    ... okay on input line 27.
LaTeX Font Info:    Checking defaults for OMS/cmsy/m/n on input line 27.
LaTeX Font Info:    ... okay on input line 27.
LaTeX Font Info:    Checking defaults for OMX/cmex/m/n on input line 27.
LaTeX Font Info:    ... okay on input line 27.
LaTeX Font Info:    Checking defaults for U/cmr/m/n on input line 27.
LaTeX Font Info:    ... okay on input line 27.
LaTeX Font Info:    Checking defaults for PD1/pdf/m/n on input line 27.
LaTeX Font Info:    ... okay on input line 27.
 (D:\Program\MiKTeX\tex\context\base\supp-pdf.mkii
[Loading MPS to PDF converter (version 2006.09.02).]
\scratchcounter=\count103
\scratchdimen=\dimen118
\scratchbox=\box26
\nofMPsegments=\count104
\nofMParguments=\count105
\everyMPshowfont=\toks16
\MPscratchCnt=\count106
\MPscratchDim=\dimen119
\MPnumerator=\count107
\makeMPintoPDFobject=\count108
\everyMPtoPDFconversion=\toks17
) (D:\Program\MiKTeX\tex\latex\oberdiek\epstopdf-base.sty
Package: epstopdf-base 2016/05/15 v2.6 Base part for package epstopdf

(D:\Program\MiKTeX\tex\latex\oberdiek\grfext.sty
Package: grfext 2016/05/16 v1.2 Manage graphics extensions (HO)
)
Package epstopdf-base Info: Redefining graphics rule for `.eps' on input line 4
38.
Package grfext Info: Graphics extension search list:
(grfext)             [.pdf,.png,.jpg,.mps,.jpeg,.jbig2,.jb2,.PDF,.PNG,.JPG,.JPE
G,.JBIG2,.JB2,.eps]
(grfext)             \AppendGraphicsExtensions on input line 456.
)
\AtBeginShipoutBox=\box27
Package hyperref Info: Link coloring OFF on input line 27.

(D:\Program\MiKTeX\tex\latex\hyperref\nameref.sty
Package: nameref 2016/05/21 v2.44 Cross-referencing by name of section

(D:\Program\MiKTeX\tex\generic\oberdiek\gettitlestring.sty
Package: gettitlestring 2016/05/16 v1.5 Cleanup title references (HO)
)
\c@section@level=\count109
)
LaTeX Info: Redefining \ref on input line 27.
LaTeX Info: Redefining \pageref on input line 27.
LaTeX Info: Redefining \nameref on input line 27.
 (finalproject.out) (finalproject.out)
\@outlinefile=\write3
\openout3 = `finalproject.out'.

Package caption Info: Begin \AtBeginDocument code.
Package caption Info: End \AtBeginDocument code.
Missing character: There is no Â in font cmr10!
Missing character: There is no ° in font cmr10!
Missing character: There is no Â in font cmr10!
Missing character: There is no ° in font cmr10!
Missing character: There is no Â in font cmr10!
Missing character: There is no ° in font cmr10!
Missing character: There is no Â in font cmr10!
Missing character: There is no ° in font cmr10!

Overfull \hbox (26.00568pt too wide) in paragraph at lines 55--56
[]\OT1/cmr/m/n/10.95 White blood cell (WBC) count less than 4,000/mm3(cubic mil
-lime-ter) or above 12,000/mm3 
 []

LaTeX Font Info:    Try loading font information for U+msa on input line 58.
(D:\Program\MiKTeX\tex\latex\amsfonts\umsa.fd
File: umsa.fd 2013/01/14 v3.01 AMS symbols A
)
LaTeX Font Info:    Try loading font information for U+msb on input line 58.

(D:\Program\MiKTeX\tex\latex\amsfonts\umsb.fd
File: umsb.fd 2013/01/14 v3.01 AMS symbols B
) [1{C:/Users/Ya Ting Chang/AppData/Local/MiKTeX/2.9/pdftex/config/pdftex.map}

]
LaTeX Font Info:    Try loading font information for OMS+cmr on input line 63.

(D:\Program\MiKTeX\tex\latex\base\omscmr.fd
File: omscmr.fd 2014/09/29 v2.5h Standard LaTeX font definitions
)
LaTeX Font Info:    Font shape `OMS/cmr/m/n' in size <10.95> not available
(Font)              Font shape `OMS/cmsy/m/n' tried instead on input line 63.
<Pipeline.jpeg, id=89, 289.08pt x 397.485pt>
File: Pipeline.jpeg Graphic file (type jpg)
<use Pipeline.jpeg>
Package pdftex.def Info: Pipeline.jpeg  used on input line 76.
(pdftex.def)             Requested size: 289.07999pt x 397.50221pt.
Missing character: There is no Â in font cmr10!
Missing character: There is no   in font cmr10!

Overfull \hbox (2.31584pt too wide) in paragraph at lines 88--88
[]\OT1/cmr/m/n/10.95 Diabetes(%)| 
 []

[2] [3 <./Pipeline.jpeg>] [4]
Overfull \hbox (37.08817pt too wide) in paragraph at lines 158--169
 [][] 
 []

[5]
<gbm_sepsis_auc.png, id=114, 481.8pt x 481.8pt>
File: gbm_sepsis_auc.png Graphic file (type png)
<use gbm_sepsis_auc.png>
Package pdftex.def Info: gbm_sepsis_auc.png  used on input line 213.
(pdftex.def)             Requested size: 180.67499pt x 180.67455pt.
<rf_sepsis_auc.png, id=115, 481.8pt x 481.8pt>
File: rf_sepsis_auc.png Graphic file (type png)
<use rf_sepsis_auc.png>
Package pdftex.def Info: rf_sepsis_auc.png  used on input line 219.
(pdftex.def)             Requested size: 180.67499pt x 180.67455pt.
<rf_var_sepsis.png, id=116, 481.8pt x 481.8pt>
File: rf_var_sepsis.png Graphic file (type png)
<use rf_var_sepsis.png>
Package pdftex.def Info: rf_var_sepsis.png  used on input line 229.
(pdftex.def)             Requested size: 252.94499pt x 252.94142pt.
 [6 <./gbm_sepsis_auc.png> <./rf_sepsis_auc.png>]
<gbm_severe_auc.png, id=125, 481.8pt x 481.8pt>
File: gbm_severe_auc.png Graphic file (type png)
<use gbm_severe_auc.png>
Package pdftex.def Info: gbm_severe_auc.png  used on input line 252.
(pdftex.def)             Requested size: 216.81pt x 216.80798pt.
<rf_severe_auc.png, id=126, 481.8pt x 481.8pt>
File: rf_severe_auc.png Graphic file (type png)
<use rf_severe_auc.png>
Package pdftex.def Info: rf_severe_auc.png  used on input line 258.
(pdftex.def)             Requested size: 216.81pt x 216.80798pt.
<rf_var_severe.png, id=127, 481.8pt x 481.8pt>
File: rf_var_severe.png Graphic file (type png)
<use rf_var_severe.png>
Package pdftex.def Info: rf_var_severe.png  used on input line 268.
(pdftex.def)             Requested size: 252.94499pt x 252.94142pt.
<gbm_shock_auc.png, id=128, 481.8pt x 481.8pt>
File: gbm_shock_auc.png Graphic file (type png)
<use gbm_shock_auc.png>
Package pdftex.def Info: gbm_shock_auc.png  used on input line 292.
(pdftex.def)             Requested size: 216.81pt x 216.80798pt.
<rf_shock_auc.png, id=129, 481.8pt x 481.8pt>
File: rf_shock_auc.png Graphic file (type png)
<use rf_shock_auc.png>
Package pdftex.def Info: rf_shock_auc.png  used on input line 298.
(pdftex.def)             Requested size: 216.81pt x 216.80798pt.
<rf_var_shock.png, id=130, 481.8pt x 481.8pt>
File: rf_var_shock.png Graphic file (type png)
<use rf_var_shock.png>
Package pdftex.def Info: rf_var_shock.png  used on input line 308.
(pdftex.def)             Requested size: 252.94499pt x 252.94142pt.
 [7 <./rf_var_sepsis.png>]
[8 <./gbm_severe_auc.png> <./rf_severe_auc.png> <./rf_var_severe.png>] [9 <./gb
m_shock_auc.png> <./rf_shock_auc.png> <./rf_var_shock.png>]
Missing character: There is no Ã in font cmr10!
Missing character: There is no ¯ in font cmr10!
 (finalproject.bbl)
Package atveryend Info: Empty hook `BeforeClearDocument' on input line 321.

[10]
Package atveryend Info: Empty hook `AfterLastShipout' on input line 321.
 (finalproject.aux)
Package atveryend Info: Executing hook `AtVeryEndDocument' on input line 321.
Package atveryend Info: Executing hook `AtEndAfterFileList' on input line 321.
Package rerunfilecheck Info: File `finalproject.out' has not changed.
(rerunfilecheck)             Checksum: 4291B196E67A8EBE0BA08C5B1DF33151;1017.


LaTeX Warning: There were multiply-defined labels.

Package atveryend Info: Empty hook `AtVeryVeryEnd' on input line 321.
 ) 
Here is how much of TeX's memory you used:
 6995 strings out of 493312
 104617 string characters out of 3143221
 193566 words of memory out of 3000000
 10429 multiletter control sequences out of 15000+200000
 10761 words of font info for 40 fonts, out of 3000000 for 9000
 1141 hyphenation exceptions out of 8191
 42i,9n,40p,1523b,448s stack positions out of 5000i,500n,10000p,200000b,50000s
<D:/Program/MiKTeX/fonts/type1/public/amsfonts/cm/cmbx10.pfb><D:/Program/MiKT
eX/fonts/type1/public/amsfonts/cm/cmbx12.pfb><D:/Program/MiKTeX/fonts/type1/pub
lic/amsfonts/cm/cmcsc10.pfb><D:/Program/MiKTeX/fonts/type1/public/amsfonts/cm/c
mmi10.pfb><D:/Program/MiKTeX/fonts/type1/public/amsfonts/cm/cmr10.pfb><D:/Progr
am/MiKTeX/fonts/type1/public/amsfonts/cm/cmsy10.pfb><D:/Program/MiKTeX/fonts/ty
pe1/public/amsfonts/cm/cmti10.pfb>
Output written on finalproject.pdf (10 pages, 211743 bytes).
PDF statistics:
 201 PDF objects out of 1000 (max. 8388607)
 51 named destinations out of 1000 (max. 500000)
 179 words of extra memory for PDF output out of 10000 (max. 10000000)

